<?xml version="1.0" encoding="UTF-8"?>
<!-- Generated by org.testng.reporters.JUnitXMLReporter -->
<testsuite ignored="0" hostname="ATMECSBLRLT-082" failures="0" tests="5" name="SampleTest" time="128.967" errors="0" timestamp="09 Oct 2023 07:09:15 GMT">
  <testcase classname="org.atmecs.web_automation_adactin.testscript.AdactinHotelTestScript" name="launchApp" time="10.534"/>
  <testcase classname="org.atmecs.web_automation_adactin.testscript.AdactinHotelTestScript" name="performActions" time="29.942"/>
  <testcase classname="org.atmecs.web_automation_adactin.testscript.AdactinHotelTestScript" name="performActions" time="29.885"/>
  <testcase classname="org.atmecs.web_automation_adactin.testscript.AdactinHotelTestScript" name="performActions" time="29.526"/>
  <testcase classname="org.atmecs.web_automation_adactin.testscript.AdactinHotelTestScript" name="performActions" time="28.54"/>
</testsuite> <!-- SampleTest -->
